# JRE version: Java(TM) SE Runtime Environment (17.0.12+8) (build 17.0.12+8-LTS-286)
# Java VM: Java HotSpot(TM) 64-Bit Server VM (17.0.12+8-LTS-286, mixed mode, sharing, tiered, compressed oops, compressed class ptrs, g1 gc, windows-amd64)
GC Precious Log:
 CPUs: 12 total, 12 available
 Memory: 7896M
 Large Page Support: Disabled
 NUMA Support: Disabled
 Compressed Oops: Enabled (32-bit)
 Heap Region Size: 1M
 Heap Min Capacity: 8M
 Heap Initial Capacity: 124M
 Heap Max Capacity: 1G
 Pre-touch: Disabled
 Parallel Workers: 10
 Concurrent Workers: 3
 Concurrent Refinement Workers: 10
 Periodic GC: Disabled
Heap:
 garbage-first heap   total 92160K, used 48739K [0x00000000c0000000, 0x0000000100000000)
  region size 1024K, 8 young (8192K), 4 survivors (4096K)
 Metaspace       used 49997K, committed 50624K, reserved 278528K
  class space    used 7001K, committed 7296K, reserved 212992K
GC Heap History (20 events):
Event: 64.048 GC heap before
{Heap before GC invocations=4 (full 0):
 garbage-first heap   total 126976K, used 66144K [0x00000000c0000000, 0x0000000100000000)
  region size 1024K, 54 young (55296K), 10 survivors (10240K)
 Metaspace       used 21181K, committed 21504K, reserved 278528K
  class space    used 3079K, committed 3264K, reserved 212992K
}
Event: 64.069 GC heap after
{Heap after GC invocations=5 (full 0):
 garbage-first heap   total 126976K, used 25267K [0x00000000c0000000, 0x0000000100000000)
  region size 1024K, 4 young (4096K), 4 survivors (4096K)
 Metaspace       used 21181K, committed 21504K, reserved 278528K
  class space    used 3079K, committed 3264K, reserved 212992K
}
Event: 67.858 GC heap before
{Heap before GC invocations=6 (full 0):
 garbage-first heap   total 92160K, used 75443K [0x00000000c0000000, 0x0000000100000000)
  region size 1024K, 54 young (55296K), 4 survivors (4096K)
 Metaspace       used 27729K, committed 28096K, reserved 278528K
  class space    used 4068K, committed 4224K, reserved 212992K
}
Event: 67.865 GC heap after
{Heap after GC invocations=7 (full 0):
 garbage-first heap   total 92160K, used 28883K [0x00000000c0000000, 0x0000000100000000)
  region size 1024K, 7 young (7168K), 7 survivors (7168K)
 Metaspace       used 27729K, committed 28096K, reserved 278528K
  class space    used 4068K, committed 4224K, reserved 212992K
}
Event: 69.797 GC heap before
{Heap before GC invocations=7 (full 0):
 garbage-first heap   total 92160K, used 67795K [0x00000000c0000000, 0x0000000100000000)
  region size 1024K, 46 young (47104K), 7 survivors (7168K)
 Metaspace       used 33389K, committed 33792K, reserved 278528K
  class space    used 4680K, committed 4864K, reserved 212992K
}
Event: 69.810 GC heap after
{Heap after GC invocations=8 (full 0):
 garbage-first heap   total 92160K, used 33700K [0x00000000c0000000, 0x0000000100000000)
  region size 1024K, 5 young (5120K), 5 survivors (5120K)
 Metaspace       used 33389K, committed 33792K, reserved 278528K
  class space    used 4680K, committed 4864K, reserved 212992K
}
Event: 71.714 GC heap before
{Heap before GC invocations=8 (full 0):
 garbage-first heap   total 92160K, used 62372K [0x00000000c0000000, 0x0000000100000000)
  region size 1024K, 29 young (29696K), 5 survivors (5120K)
 Metaspace       used 35503K, committed 35968K, reserved 278528K
  class space    used 4867K, committed 5120K, reserved 212992K
}
Event: 71.721 GC heap after
{Heap after GC invocations=9 (full 0):
 garbage-first heap   total 92160K, used 35796K [0x00000000c0000000, 0x0000000100000000)
  region size 1024K, 4 young (4096K), 4 survivors (4096K)
 Metaspace       used 35503K, committed 35968K, reserved 278528K
  class space    used 4867K, committed 5120K, reserved 212992K
}
Event: 73.712 GC heap before
{Heap before GC invocations=10 (full 0):
 garbage-first heap   total 92160K, used 71636K [0x00000000c0000000, 0x0000000100000000)
  region size 1024K, 37 young (37888K), 4 survivors (4096K)
 Metaspace       used 38386K, committed 38912K, reserved 278528K
  class space    used 5169K, committed 5440K, reserved 212992K
}
Event: 73.717 GC heap after
{Heap after GC invocations=11 (full 0):
 garbage-first heap   total 92160K, used 36561K [0x00000000c0000000, 0x0000000100000000)
  region size 1024K, 2 young (2048K), 2 survivors (2048K)
 Metaspace       used 38386K, committed 38912K, reserved 278528K
  class space    used 5169K, committed 5440K, reserved 212992K
}
Event: 75.374 GC heap before
{Heap before GC invocations=11 (full 0):
 garbage-first heap   total 92160K, used 71377K [0x00000000c0000000, 0x0000000100000000)
  region size 1024K, 36 young (36864K), 2 survivors (2048K)
 Metaspace       used 40369K, committed 40960K, reserved 278528K
  class space    used 5488K, committed 5760K, reserved 212992K
}
Event: 75.380 GC heap after
{Heap after GC invocations=12 (full 0):
 garbage-first heap   total 92160K, used 38330K [0x00000000c0000000, 0x0000000100000000)
  region size 1024K, 4 young (4096K), 4 survivors (4096K)
 Metaspace       used 40369K, committed 40960K, reserved 278528K
  class space    used 5488K, committed 5760K, reserved 212992K
}
Event: 77.006 GC heap before
{Heap before GC invocations=12 (full 0):
 garbage-first heap   total 92160K, used 72122K [0x00000000c0000000, 0x0000000100000000)
  region size 1024K, 37 young (37888K), 4 survivors (4096K)
 Metaspace       used 43308K, committed 43968K, reserved 278528K
  class space    used 5947K, committed 6272K, reserved 212992K
}
Event: 77.013 GC heap after
{Heap after GC invocations=13 (full 0):
 garbage-first heap   total 92160K, used 39748K [0x00000000c0000000, 0x0000000100000000)
  region size 1024K, 4 young (4096K), 4 survivors (4096K)
 Metaspace       used 43308K, committed 43968K, reserved 278528K
  class space    used 5947K, committed 6272K, reserved 212992K
}
Event: 78.380 GC heap before
{Heap before GC invocations=13 (full 0):
 garbage-first heap   total 92160K, used 72516K [0x00000000c0000000, 0x0000000100000000)
  region size 1024K, 36 young (36864K), 4 survivors (4096K)
 Metaspace       used 44687K, committed 45312K, reserved 278528K
  class space    used 6176K, committed 6464K, reserved 212992K
}
Event: 78.386 GC heap after
{Heap after GC invocations=14 (full 0):
 garbage-first heap   total 92160K, used 41683K [0x00000000c0000000, 0x0000000100000000)
  region size 1024K, 4 young (4096K), 4 survivors (4096K)
 Metaspace       used 44687K, committed 45312K, reserved 278528K
  class space    used 6176K, committed 6464K, reserved 212992K
}
Event: 80.605 GC heap before
{Heap before GC invocations=14 (full 0):
 garbage-first heap   total 92160K, used 74451K [0x00000000c0000000, 0x0000000100000000)
  region size 1024K, 36 young (36864K), 4 survivors (4096K)
 Metaspace       used 47246K, committed 47872K, reserved 278528K
  class space    used 6591K, committed 6848K, reserved 212992K
}
Event: 80.613 GC heap after
{Heap after GC invocations=15 (full 0):
 garbage-first heap   total 92160K, used 43400K [0x00000000c0000000, 0x0000000100000000)
  region size 1024K, 4 young (4096K), 4 survivors (4096K)
 Metaspace       used 47246K, committed 47872K, reserved 278528K
  class space    used 6591K, committed 6848K, reserved 212992K
}
Event: 83.247 GC heap before
{Heap before GC invocations=15 (full 0):
 garbage-first heap   total 92160K, used 74120K [0x00000000c0000000, 0x0000000100000000)
  region size 1024K, 34 young (34816K), 4 survivors (4096K)
 Metaspace       used 49766K, committed 50432K, reserved 278528K
  class space    used 6960K, committed 7232K, reserved 212992K
}
Event: 83.255 GC heap after
{Heap after GC invocations=16 (full 0):
 garbage-first heap   total 92160K, used 45667K [0x00000000c0000000, 0x0000000100000000)
  region size 1024K, 4 young (4096K), 4 survivors (4096K)
 Metaspace       used 49766K, committed 50432K, reserved 278528K
  class space    used 6960K, committed 7232K, reserved 212992K
}

